


Started GET "/" for 127.0.0.1 at 2015-03-02 15:09:40 +0100
Processing by HomeController#index as HTML
  Rendered home/index.html.erb within layouts/application (2.8ms)
  Rendered layouts/_navigation.html.erb (2.0ms)
  Rendered layouts/_topnavbar.html.erb (0.4ms)
  Rendered layouts/_footer.html.erb (0.4ms)
Completed 200 OK in 4081ms (Views: 4068.6ms | ActiveRecord: 0.0ms)


Started GET "/assets/application.css?body=1" for 127.0.0.1 at 2015-03-02 15:09:44 +0100


Started GET "/assets/jquery/jquery-2.1.1.js?body=1" for 127.0.0.1 at 2015-03-02 15:09:44 +0100


Started GET "/assets/font-awesome.css?body=1" for 127.0.0.1 at 2015-03-02 15:09:44 +0100


Started GET "/assets/style.css?body=1" for 127.0.0.1 at 2015-03-02 15:09:44 +0100


Started GET "/assets/bootstrap/affix.js?body=1" for 127.0.0.1 at 2015-03-02 15:09:44 +0100


Started GET "/assets/animate/animate.css?body=1" for 127.0.0.1 at 2015-03-02 15:09:44 +0100


Started GET "/assets/bootstrap/alert.js?body=1" for 127.0.0.1 at 2015-03-02 15:09:44 +0100


Started GET "/assets/bootstrap/button.js?body=1" for 127.0.0.1 at 2015-03-02 15:09:44 +0100


Started GET "/assets/bootstrap/carousel.js?body=1" for 127.0.0.1 at 2015-03-02 15:09:44 +0100


Started GET "/assets/bootstrap/dropdown.js?body=1" for 127.0.0.1 at 2015-03-02 15:09:44 +0100


Started GET "/assets/bootstrap/collapse.js?body=1" for 127.0.0.1 at 2015-03-02 15:09:44 +0100


Started GET "/assets/bootstrap/tab.js?body=1" for 127.0.0.1 at 2015-03-02 15:09:44 +0100


Started GET "/assets/bootstrap/transition.js?body=1" for 127.0.0.1 at 2015-03-02 15:09:44 +0100


Started GET "/assets/bootstrap/scrollspy.js?body=1" for 127.0.0.1 at 2015-03-02 15:09:44 +0100


Started GET "/assets/bootstrap/modal.js?body=1" for 127.0.0.1 at 2015-03-02 15:09:44 +0100


Started GET "/assets/bootstrap/tooltip.js?body=1" for 127.0.0.1 at 2015-03-02 15:09:44 +0100


Started GET "/assets/bootstrap/popover.js?body=1" for 127.0.0.1 at 2015-03-02 15:09:44 +0100


Started GET "/assets/bootstrap-sprockets.js?body=1" for 127.0.0.1 at 2015-03-02 15:09:44 +0100


Started GET "/assets/metisMenu/jquery.metisMenu.js?body=1" for 127.0.0.1 at 2015-03-02 15:09:44 +0100


Started GET "/assets/pace/pace.min.js?body=1" for 127.0.0.1 at 2015-03-02 15:09:44 +0100


Started GET "/assets/slimscroll/jquery.slimscroll.min.js?body=1" for 127.0.0.1 at 2015-03-02 15:09:44 +0100


Started GET "/assets/inspinia.js?body=1" for 127.0.0.1 at 2015-03-02 15:09:44 +0100


Started GET "/assets/application.js?body=1" for 127.0.0.1 at 2015-03-02 15:09:44 +0100


Started GET "/assets/patterns/header-profile.png" for 127.0.0.1 at 2015-03-02 15:09:44 +0100


Started GET "/assets/fontawesome-webfont.woff?v=4.2.0" for 127.0.0.1 at 2015-03-02 15:09:45 +0100


Started GET "/favicon.ico" for 127.0.0.1 at 2015-03-02 15:09:45 +0100

ActionController::RoutingError (No route matches [GET] "/favicon.ico"):
  actionpack (4.0.2) lib/action_dispatch/middleware/debug_exceptions.rb:21:in `call'
  actionpack (4.0.2) lib/action_dispatch/middleware/show_exceptions.rb:30:in `call'
  railties (4.0.2) lib/rails/rack/logger.rb:38:in `call_app'
  railties (4.0.2) lib/rails/rack/logger.rb:20:in `block in call'
  activesupport (4.0.2) lib/active_support/tagged_logging.rb:67:in `block in tagged'
  activesupport (4.0.2) lib/active_support/tagged_logging.rb:25:in `tagged'
  activesupport (4.0.2) lib/active_support/tagged_logging.rb:67:in `tagged'
  railties (4.0.2) lib/rails/rack/logger.rb:20:in `call'
  actionpack (4.0.2) lib/action_dispatch/middleware/request_id.rb:21:in `call'
  rack (1.5.2) lib/rack/methodoverride.rb:21:in `call'
  rack (1.5.2) lib/rack/runtime.rb:17:in `call'
  activesupport (4.0.2) lib/active_support/cache/strategy/local_cache.rb:83:in `call'
  rack (1.5.2) lib/rack/lock.rb:17:in `call'
  actionpack (4.0.2) lib/action_dispatch/middleware/static.rb:64:in `call'
  rack (1.5.2) lib/rack/sendfile.rb:112:in `call'
  railties (4.0.2) lib/rails/engine.rb:511:in `call'
  railties (4.0.2) lib/rails/application.rb:97:in `call'
  rack (1.5.2) lib/rack/lock.rb:17:in `call'
  rack (1.5.2) lib/rack/content_length.rb:14:in `call'
  rack (1.5.2) lib/rack/handler/webrick.rb:60:in `service'
  /Users/fredericlambrechts/.rbenv/versions/2.2.0/lib/ruby/2.2.0/webrick/httpserver.rb:138:in `service'
  /Users/fredericlambrechts/.rbenv/versions/2.2.0/lib/ruby/2.2.0/webrick/httpserver.rb:94:in `run'
  /Users/fredericlambrechts/.rbenv/versions/2.2.0/lib/ruby/2.2.0/webrick/server.rb:294:in `block in start_thread'


  Rendered /Users/fredericlambrechts/.rbenv/versions/2.2.0/lib/ruby/gems/2.2.0/gems/actionpack-4.0.2/lib/action_dispatch/middleware/templates/rescues/_trace.erb (1.5ms)
  Rendered /Users/fredericlambrechts/.rbenv/versions/2.2.0/lib/ruby/gems/2.2.0/gems/actionpack-4.0.2/lib/action_dispatch/middleware/templates/routes/_route.html.erb (1.5ms)
  Rendered /Users/fredericlambrechts/.rbenv/versions/2.2.0/lib/ruby/gems/2.2.0/gems/actionpack-4.0.2/lib/action_dispatch/middleware/templates/routes/_table.html.erb (7.7ms)
  Rendered /Users/fredericlambrechts/.rbenv/versions/2.2.0/lib/ruby/gems/2.2.0/gems/actionpack-4.0.2/lib/action_dispatch/middleware/templates/rescues/routing_error.erb within rescues/layout (99.9ms)


Started GET "/" for 127.0.0.1 at 2015-03-02 15:34:48 +0100

PG::ConnectionBad (FATAL:  database "valeureux_development" does not exist
):
  activerecord (4.0.2) lib/active_record/connection_adapters/postgresql_adapter.rb:831:in `initialize'
  activerecord (4.0.2) lib/active_record/connection_adapters/postgresql_adapter.rb:831:in `new'
  activerecord (4.0.2) lib/active_record/connection_adapters/postgresql_adapter.rb:831:in `connect'
  activerecord (4.0.2) lib/active_record/connection_adapters/postgresql_adapter.rb:548:in `initialize'
  activerecord (4.0.2) lib/active_record/connection_adapters/postgresql_adapter.rb:41:in `new'
  activerecord (4.0.2) lib/active_record/connection_adapters/postgresql_adapter.rb:41:in `postgresql_connection'
  activerecord (4.0.2) lib/active_record/connection_adapters/abstract/connection_pool.rb:440:in `new_connection'
  activerecord (4.0.2) lib/active_record/connection_adapters/abstract/connection_pool.rb:450:in `checkout_new_connection'
  activerecord (4.0.2) lib/active_record/connection_adapters/abstract/connection_pool.rb:421:in `acquire_connection'
  activerecord (4.0.2) lib/active_record/connection_adapters/abstract/connection_pool.rb:356:in `block in checkout'
  /Users/fredericlambrechts/.rbenv/versions/2.2.0/lib/ruby/2.2.0/monitor.rb:211:in `mon_synchronize'
  activerecord (4.0.2) lib/active_record/connection_adapters/abstract/connection_pool.rb:355:in `checkout'
  activerecord (4.0.2) lib/active_record/connection_adapters/abstract/connection_pool.rb:265:in `block in connection'
  /Users/fredericlambrechts/.rbenv/versions/2.2.0/lib/ruby/2.2.0/monitor.rb:211:in `mon_synchronize'
  activerecord (4.0.2) lib/active_record/connection_adapters/abstract/connection_pool.rb:264:in `connection'
  activerecord (4.0.2) lib/active_record/connection_adapters/abstract/connection_pool.rb:546:in `retrieve_connection'
  activerecord (4.0.2) lib/active_record/connection_handling.rb:79:in `retrieve_connection'
  activerecord (4.0.2) lib/active_record/connection_handling.rb:53:in `connection'
  activerecord (4.0.2) lib/active_record/query_cache.rb:51:in `restore_query_cache_settings'
  activerecord (4.0.2) lib/active_record/query_cache.rb:43:in `rescue in call'
  activerecord (4.0.2) lib/active_record/query_cache.rb:32:in `call'
  activerecord (4.0.2) lib/active_record/connection_adapters/abstract/connection_pool.rb:626:in `call'
  activerecord (4.0.2) lib/active_record/migration.rb:369:in `call'
  actionpack (4.0.2) lib/action_dispatch/middleware/callbacks.rb:29:in `block in call'
  activesupport (4.0.2) lib/active_support/callbacks.rb:373:in `_run__3156908247698035881__call__callbacks'
  activesupport (4.0.2) lib/active_support/callbacks.rb:80:in `run_callbacks'
  actionpack (4.0.2) lib/action_dispatch/middleware/callbacks.rb:27:in `call'
  actionpack (4.0.2) lib/action_dispatch/middleware/reloader.rb:64:in `call'
  actionpack (4.0.2) lib/action_dispatch/middleware/remote_ip.rb:76:in `call'
  actionpack (4.0.2) lib/action_dispatch/middleware/debug_exceptions.rb:17:in `call'
  actionpack (4.0.2) lib/action_dispatch/middleware/show_exceptions.rb:30:in `call'
  railties (4.0.2) lib/rails/rack/logger.rb:38:in `call_app'
  railties (4.0.2) lib/rails/rack/logger.rb:20:in `block in call'
  activesupport (4.0.2) lib/active_support/tagged_logging.rb:67:in `block in tagged'
  activesupport (4.0.2) lib/active_support/tagged_logging.rb:25:in `tagged'
  activesupport (4.0.2) lib/active_support/tagged_logging.rb:67:in `tagged'
  railties (4.0.2) lib/rails/rack/logger.rb:20:in `call'
  actionpack (4.0.2) lib/action_dispatch/middleware/request_id.rb:21:in `call'
  rack (1.5.2) lib/rack/methodoverride.rb:21:in `call'
  rack (1.5.2) lib/rack/runtime.rb:17:in `call'
  activesupport (4.0.2) lib/active_support/cache/strategy/local_cache.rb:83:in `call'
  rack (1.5.2) lib/rack/lock.rb:17:in `call'
  actionpack (4.0.2) lib/action_dispatch/middleware/static.rb:64:in `call'
  rack (1.5.2) lib/rack/sendfile.rb:112:in `call'
  railties (4.0.2) lib/rails/engine.rb:511:in `call'
  railties (4.0.2) lib/rails/application.rb:97:in `call'
  rack (1.5.2) lib/rack/content_length.rb:14:in `call'
  puma (2.11.1) lib/puma/server.rb:507:in `handle_request'
  puma (2.11.1) lib/puma/server.rb:375:in `process_client'
  puma (2.11.1) lib/puma/server.rb:262:in `block in run'
  puma (2.11.1) lib/puma/thread_pool.rb:104:in `call'
  puma (2.11.1) lib/puma/thread_pool.rb:104:in `block in spawn_thread'


  Rendered /Users/fredericlambrechts/.rbenv/versions/2.2.0/lib/ruby/gems/2.2.0/gems/actionpack-4.0.2/lib/action_dispatch/middleware/templates/rescues/_source.erb (0.7ms)
  Rendered /Users/fredericlambrechts/.rbenv/versions/2.2.0/lib/ruby/gems/2.2.0/gems/actionpack-4.0.2/lib/action_dispatch/middleware/templates/rescues/_trace.erb (1.8ms)
  Rendered /Users/fredericlambrechts/.rbenv/versions/2.2.0/lib/ruby/gems/2.2.0/gems/actionpack-4.0.2/lib/action_dispatch/middleware/templates/rescues/_request_and_response.erb (1.9ms)
  Rendered /Users/fredericlambrechts/.rbenv/versions/2.2.0/lib/ruby/gems/2.2.0/gems/actionpack-4.0.2/lib/action_dispatch/middleware/templates/rescues/diagnostics.erb within rescues/layout (89.7ms)


Started GET "/" for 127.0.0.1 at 2015-03-02 15:38:55 +0100
Processing by HomeController#index as HTML
  Rendered home/index.html.erb within layouts/application (2.1ms)
  Rendered layouts/_navigation.html.erb (0.9ms)
  Rendered layouts/_topnavbar.html.erb (0.7ms)
  Rendered layouts/_footer.html.erb (0.5ms)
Completed 200 OK in 4293ms (Views: 4281.4ms | ActiveRecord: 0.0ms)


Started GET "/assets/font-awesome.css?body=1" for 127.0.0.1 at 2015-03-02 15:39:00 +0100


Started GET "/assets/application.css?body=1" for 127.0.0.1 at 2015-03-02 15:39:00 +0100


Started GET "/assets/jquery/jquery-2.1.1.js?body=1" for 127.0.0.1 at 2015-03-02 15:39:00 +0100


Started GET "/assets/animate/animate.css?body=1" for 127.0.0.1 at 2015-03-02 15:39:00 +0100


Started GET "/assets/style.css?body=1" for 127.0.0.1 at 2015-03-02 15:39:00 +0100


Started GET "/assets/bootstrap/affix.js?body=1" for 127.0.0.1 at 2015-03-02 15:39:00 +0100


Started GET "/assets/bootstrap/alert.js?body=1" for 127.0.0.1 at 2015-03-02 15:39:00 +0100


Started GET "/assets/bootstrap/button.js?body=1" for 127.0.0.1 at 2015-03-02 15:39:00 +0100


Started GET "/assets/bootstrap/carousel.js?body=1" for 127.0.0.1 at 2015-03-02 15:39:00 +0100


Started GET "/assets/bootstrap/collapse.js?body=1" for 127.0.0.1 at 2015-03-02 15:39:00 +0100


Started GET "/assets/bootstrap/dropdown.js?body=1" for 127.0.0.1 at 2015-03-02 15:39:00 +0100


Started GET "/assets/bootstrap/tab.js?body=1" for 127.0.0.1 at 2015-03-02 15:39:00 +0100


Started GET "/assets/bootstrap/modal.js?body=1" for 127.0.0.1 at 2015-03-02 15:39:00 +0100


Started GET "/assets/bootstrap/popover.js?body=1" for 127.0.0.1 at 2015-03-02 15:39:00 +0100


Started GET "/assets/bootstrap-sprockets.js?body=1" for 127.0.0.1 at 2015-03-02 15:39:00 +0100


Started GET "/assets/bootstrap/transition.js?body=1" for 127.0.0.1 at 2015-03-02 15:39:00 +0100


Started GET "/assets/bootstrap/scrollspy.js?body=1" for 127.0.0.1 at 2015-03-02 15:39:00 +0100


Started GET "/assets/bootstrap/tooltip.js?body=1" for 127.0.0.1 at 2015-03-02 15:39:00 +0100


Started GET "/assets/metisMenu/jquery.metisMenu.js?body=1" for 127.0.0.1 at 2015-03-02 15:39:00 +0100


Started GET "/assets/slimscroll/jquery.slimscroll.min.js?body=1" for 127.0.0.1 at 2015-03-02 15:39:00 +0100


Started GET "/assets/pace/pace.min.js?body=1" for 127.0.0.1 at 2015-03-02 15:39:00 +0100


Started GET "/assets/inspinia.js?body=1" for 127.0.0.1 at 2015-03-02 15:39:00 +0100


Started GET "/assets/application.js?body=1" for 127.0.0.1 at 2015-03-02 15:39:00 +0100


Started GET "/assets/patterns/header-profile.png" for 127.0.0.1 at 2015-03-02 15:39:00 +0100


Started GET "/assets/fontawesome-webfont.woff2?v=4.3.0" for 127.0.0.1 at 2015-03-02 15:39:00 +0100


Started GET "/home/minor" for 127.0.0.1 at 2015-03-02 15:39:11 +0100
Processing by HomeController#minor as HTML
  Rendered home/minor.html.erb within layouts/application (0.5ms)
  Rendered layouts/_navigation.html.erb (0.3ms)
  Rendered layouts/_topnavbar.html.erb (0.1ms)
  Rendered layouts/_footer.html.erb (0.1ms)
Completed 200 OK in 30ms (Views: 28.7ms | ActiveRecord: 0.0ms)


Started GET "/" for 127.0.0.1 at 2015-03-02 15:39:13 +0100
Processing by HomeController#index as HTML
  Rendered home/index.html.erb within layouts/application (0.1ms)
  Rendered layouts/_navigation.html.erb (0.3ms)
  Rendered layouts/_topnavbar.html.erb (0.1ms)
  Rendered layouts/_footer.html.erb (0.0ms)
Completed 200 OK in 24ms (Views: 23.7ms | ActiveRecord: 0.0ms)


Started GET "/home/minor" for 127.0.0.1 at 2015-03-02 15:39:14 +0100
Processing by HomeController#minor as HTML
  Rendered home/minor.html.erb within layouts/application (0.1ms)
  Rendered layouts/_navigation.html.erb (0.3ms)
  Rendered layouts/_topnavbar.html.erb (0.0ms)
  Rendered layouts/_footer.html.erb (0.1ms)
Completed 200 OK in 22ms (Views: 21.5ms | ActiveRecord: 0.0ms)
